

*******************************************************************************
Thu Feb  7 19:59:26 2019


FIT:    data read from "summing.dat"
        format = z
        x range restricted to [0.00000 : 1100.00]
BREAK: bad data on line 1 of datafile

*******************************************************************************
Thu Feb  7 19:59:57 2019


FIT:    data read from "summing.dat"
        format = z
        x range restricted to [0.100000 : 1100.00]
BREAK: bad data on line 1 of datafile

*******************************************************************************
Thu Feb  7 20:01:40 2019


FIT:    data read from "summing.dat" using ($1):(abs($2-$3)/(.5*abs($3)+abs($2)))
        format = x:z
        x range restricted to [0.00000 : 1100.00]
        #datapoints = 1000
        residuals are weighted equally (unit weight)

function used for fitting: f(x) [100:1000]
	f(x) = a*exp(x*b)
fitted parameters initialized with current variable values



*******************************************************************************
Thu Feb  7 20:02:37 2019


FIT:    data read from "summing.dat" using ($1):(abs($2-$3)/(.5*abs($3)+abs($2)))
        format = x:z
        x range restricted to [0.00000 : 1100.00]
        #datapoints = 1000
        residuals are weighted equally (unit weight)

function used for fitting: f(x) [100:1000]
	f(x) = a*exp(x*b)
fitted parameters initialized with current variable values



*******************************************************************************
Thu Feb  7 20:02:42 2019


FIT:    data read from "summing.dat" using ($1):(abs($2-$3)/(.5*abs($3)+abs($2)))
        format = x:z
        x range restricted to [0.100000 : 1100.00]
        #datapoints = 1000
        residuals are weighted equally (unit weight)

function used for fitting: f(x) [100:1000]
	f(x) = a*exp(x*b)
fitted parameters initialized with current variable values



*******************************************************************************
Thu Feb  7 20:04:48 2019


FIT:    data read from "summing.dat" using ($1):(abs($2-$3)/(.5*abs($3)+abs($2)))
        format = x:z
        x range restricted to [100.000 : 1000.00]
        #datapoints = 901
        residuals are weighted equally (unit weight)

function used for fitting: f(x)
	f(x) = a*exp(x*b)
fitted parameters initialized with current variable values


Current data point
=========================
#               = 611 out of 901
x               = 1              
z               = 1.22842        

Current set of parameters
=========================
a               = 1              
b               = 1              

BREAK: Function evaluation yields NaN ("not a number")

*******************************************************************************
Thu Feb  7 20:07:11 2019


FIT:    data read from "summing.dat" using ($1):(abs($2-$3)/(.5*abs($3)+abs($2)))
        format = x:z
        x range restricted to [100.000 : 1000.00]
        #datapoints = 901
        residuals are weighted equally (unit weight)

function used for fitting: f(x)
	f(x) = a*x+b
fitted parameters initialized with current variable values

iter      chisq       delta/lim  lambda   a             b            
   0 3.3331643296e+08   0.00e+00  4.30e+02    1.000000e+00   1.000000e+00
   5 9.0324079224e+00  -2.55e-02  4.30e-03   -1.401470e-03   2.133851e+00

After 5 iterations the fit converged.
final sum of squares of residuals : 9.03241
rel. change during last iteration : -2.54508e-07

degrees of freedom    (FIT_NDF)                        : 899
rms of residuals      (FIT_STDFIT) = sqrt(WSSR/ndf)    : 0.100236
variance of residuals (reduced chisquare) = WSSR/ndf   : 0.0100472

Final set of parameters            Asymptotic Standard Error
=======================            ==========================
a               = -0.00140147      +/- 1.284e-05    (0.9161%)
b               = 2.13385          +/- 0.007811     (0.3661%)

correlation matrix of the fit parameters:
                a      b      
a               1.000 
b              -0.904  1.000 


*******************************************************************************
Thu Feb  7 20:08:47 2019


FIT:    data read from "summing.dat" using ($1):(abs($2-$3)/(.5*abs($3)+abs($2)))
        format = x:z
        x range restricted to [100.000 : 1000.00]
        #datapoints = 901
        residuals are weighted equally (unit weight)

function used for fitting: f(x)
	f(x) = a*x+b
fitted parameters initialized with current variable values

iter      chisq       delta/lim  lambda   a             b            
   0 9.0324079224e+00   0.00e+00  1.62e+00   -1.401470e-03   2.133851e+00
   1 9.0324079224e+00   0.00e+00  1.62e-01   -1.401470e-03   2.133851e+00

After 1 iterations the fit converged.
final sum of squares of residuals : 9.03241
rel. change during last iteration : 0

degrees of freedom    (FIT_NDF)                        : 899
rms of residuals      (FIT_STDFIT) = sqrt(WSSR/ndf)    : 0.100236
variance of residuals (reduced chisquare) = WSSR/ndf   : 0.0100472

Final set of parameters            Asymptotic Standard Error
=======================            ==========================
a               = -0.00140147      +/- 1.284e-05    (0.9161%)
b               = 2.13385          +/- 0.007811     (0.3661%)

correlation matrix of the fit parameters:
                a      b      
a               1.000 
b              -0.904  1.000 


*******************************************************************************
Thu Feb  7 20:09:33 2019


FIT:    data read from "summing.dat" using ($1):(abs($2-$3)/(.5*abs($3)+abs($2)))
        format = x:z
        x range restricted to [100.000 : 1000.00]
        #datapoints = 901
        residuals are weighted equally (unit weight)

function used for fitting: f(x)
	f(x) = a*x+b
fitted parameters initialized with current variable values

iter      chisq       delta/lim  lambda   a             b            
   0 3.3331643296e+08   0.00e+00  4.30e+02    1.000000e+00   1.000000e+00
   5 9.0324079224e+00  -2.55e-02  4.30e-03   -1.401470e-03   2.133851e+00

After 5 iterations the fit converged.
final sum of squares of residuals : 9.03241
rel. change during last iteration : -2.54508e-07

degrees of freedom    (FIT_NDF)                        : 899
rms of residuals      (FIT_STDFIT) = sqrt(WSSR/ndf)    : 0.100236
variance of residuals (reduced chisquare) = WSSR/ndf   : 0.0100472

Final set of parameters            Asymptotic Standard Error
=======================            ==========================
a               = -0.00140147      +/- 1.284e-05    (0.9161%)
b               = 2.13385          +/- 0.007811     (0.3661%)

correlation matrix of the fit parameters:
                a      b      
a               1.000 
b              -0.904  1.000 


*******************************************************************************
Tue Feb 26 14:27:42 2019


FIT:    data read from "summing.dat" using ($1):(abs($2-$3)/(.5*abs($3)+abs($2)))
        format = x:z
        x range restricted to [100.000 : 1000.00]
        #datapoints = 901
        residuals are weighted equally (unit weight)

function used for fitting: f(x)
	f(x) = a*x+b
fitted parameters initialized with current variable values

iter      chisq       delta/lim  lambda   a             b            
   0 3.3331643296e+08   0.00e+00  4.30e+02    1.000000e+00   1.000000e+00
   5 9.0324079224e+00  -2.55e-02  4.30e-03   -1.401470e-03   2.133851e+00

After 5 iterations the fit converged.
final sum of squares of residuals : 9.03241
rel. change during last iteration : -2.54508e-07

degrees of freedom    (FIT_NDF)                        : 899
rms of residuals      (FIT_STDFIT) = sqrt(WSSR/ndf)    : 0.100236
variance of residuals (reduced chisquare) = WSSR/ndf   : 0.0100472

Final set of parameters            Asymptotic Standard Error
=======================            ==========================
a               = -0.00140147      +/- 1.284e-05    (0.9161%)
b               = 2.13385          +/- 0.007811     (0.3661%)

correlation matrix of the fit parameters:
                a      b      
a               1.000 
b              -0.904  1.000 


*******************************************************************************
Thu May  2 10:19:09 2019


FIT:    data read from "summing.dat" using ($1):(abs($2-$3)/(.5*abs($3)+abs($2)))
        format = x:z
        x range restricted to [100.000 : 1000.00]
        #datapoints = 901
        residuals are weighted equally (unit weight)

function used for fitting: f(x)
	f(x) = a*x+b
fitted parameters initialized with current variable values

iter      chisq       delta/lim  lambda   a             b            
   0 3.3331643296e+08   0.00e+00  4.30e+02    1.000000e+00   1.000000e+00
   5 9.0324079224e+00  -2.55e-02  4.30e-03   -1.401470e-03   2.133851e+00

After 5 iterations the fit converged.
final sum of squares of residuals : 9.03241
rel. change during last iteration : -2.54508e-07

degrees of freedom    (FIT_NDF)                        : 899
rms of residuals      (FIT_STDFIT) = sqrt(WSSR/ndf)    : 0.100236
variance of residuals (reduced chisquare) = WSSR/ndf   : 0.0100472

Final set of parameters            Asymptotic Standard Error
=======================            ==========================
a               = -0.00140147      +/- 1.284e-05    (0.9161%)
b               = 2.13385          +/- 0.007811     (0.3661%)

correlation matrix of the fit parameters:
                a      b      
a               1.000 
b              -0.904  1.000 


*******************************************************************************
Thu May  2 14:35:09 2019


FIT:    data read from "summing.dat" using ($1):(abs($2-$3)/(.5*abs($3)+abs($2)))
        format = x:z
        x range restricted to [100.000 : 1000.00]
        #datapoints = 901
        residuals are weighted equally (unit weight)

function used for fitting: f(x)
	f(x) = a*x+b
fitted parameters initialized with current variable values

iter      chisq       delta/lim  lambda   a             b            
   0 3.3331643296e+08   0.00e+00  4.30e+02    1.000000e+00   1.000000e+00
   5 9.0324079224e+00  -2.55e-02  4.30e-03   -1.401470e-03   2.133851e+00

After 5 iterations the fit converged.
final sum of squares of residuals : 9.03241
rel. change during last iteration : -2.54508e-07

degrees of freedom    (FIT_NDF)                        : 899
rms of residuals      (FIT_STDFIT) = sqrt(WSSR/ndf)    : 0.100236
variance of residuals (reduced chisquare) = WSSR/ndf   : 0.0100472

Final set of parameters            Asymptotic Standard Error
=======================            ==========================
a               = -0.00140147      +/- 1.284e-05    (0.9161%)
b               = 2.13385          +/- 0.007811     (0.3661%)

correlation matrix of the fit parameters:
                a      b      
a               1.000 
b              -0.904  1.000 


*******************************************************************************
Thu May  2 14:38:45 2019


FIT:    data read from "summing.dat" using ($1):(abs($2-$3)/(.5*abs($3)+abs($2)))
        format = x:z
        x range restricted to [100.000 : 1000.00]
        #datapoints = 901
        residuals are weighted equally (unit weight)

function used for fitting: f(x)
	f(x) = a*x+b
fitted parameters initialized with current variable values

iter      chisq       delta/lim  lambda   a             b            
   0 3.3331643296e+08   0.00e+00  4.30e+02    1.000000e+00   1.000000e+00
   5 9.0324079224e+00  -2.55e-02  4.30e-03   -1.401470e-03   2.133851e+00

After 5 iterations the fit converged.
final sum of squares of residuals : 9.03241
rel. change during last iteration : -2.54508e-07

degrees of freedom    (FIT_NDF)                        : 899
rms of residuals      (FIT_STDFIT) = sqrt(WSSR/ndf)    : 0.100236
variance of residuals (reduced chisquare) = WSSR/ndf   : 0.0100472

Final set of parameters            Asymptotic Standard Error
=======================            ==========================
a               = -0.00140147      +/- 1.284e-05    (0.9161%)
b               = 2.13385          +/- 0.007811     (0.3661%)

correlation matrix of the fit parameters:
                a      b      
a               1.000 
b              -0.904  1.000 


*******************************************************************************
Thu May  2 14:40:00 2019


FIT:    data read from "summing.dat" using ($1):(abs($2-$3)/(.5*(abs($3)+abs($2))))
        format = x:z
        x range restricted to [100.000 : 1000.00]
        #datapoints = 901
        residuals are weighted equally (unit weight)

function used for fitting: f(x)
	f(x) = a*x+b
fitted parameters initialized with current variable values

iter      chisq       delta/lim  lambda   a             b            
   0 3.3315805849e+08   0.00e+00  4.30e+02    1.000000e+00   1.000000e+00
   5 1.2928332034e+01  -1.91e-02  4.30e-03   -1.223726e-03   2.174110e+00

After 5 iterations the fit converged.
final sum of squares of residuals : 12.9283
rel. change during last iteration : -1.90646e-07

degrees of freedom    (FIT_NDF)                        : 899
rms of residuals      (FIT_STDFIT) = sqrt(WSSR/ndf)    : 0.11992
variance of residuals (reduced chisquare) = WSSR/ndf   : 0.0143808

Final set of parameters            Asymptotic Standard Error
=======================            ==========================
a               = -0.00122373      +/- 1.536e-05    (1.255%)
b               = 2.17411          +/- 0.009345     (0.4298%)

correlation matrix of the fit parameters:
                a      b      
a               1.000 
b              -0.904  1.000 


*******************************************************************************
Thu May  2 14:40:44 2019


FIT:    data read from "summing.dat" using ($1):(abs($2-$3)/(.5*(abs($3)+abs($2))))
        format = x:z
        x range restricted to [100.000 : 1000.00]
        #datapoints = 901
        residuals are weighted equally (unit weight)

function used for fitting: f(x)
	f(x) = a*x+b
fitted parameters initialized with current variable values

iter      chisq       delta/lim  lambda   a             b            
   0 3.3315805849e+08   0.00e+00  4.30e+02    1.000000e+00   1.000000e+00
   5 1.2928332034e+01  -1.91e-02  4.30e-03   -1.223726e-03   2.174110e+00

After 5 iterations the fit converged.
final sum of squares of residuals : 12.9283
rel. change during last iteration : -1.90646e-07

degrees of freedom    (FIT_NDF)                        : 899
rms of residuals      (FIT_STDFIT) = sqrt(WSSR/ndf)    : 0.11992
variance of residuals (reduced chisquare) = WSSR/ndf   : 0.0143808

Final set of parameters            Asymptotic Standard Error
=======================            ==========================
a               = -0.00122373      +/- 1.536e-05    (1.255%)
b               = 2.17411          +/- 0.009345     (0.4298%)

correlation matrix of the fit parameters:
                a      b      
a               1.000 
b              -0.904  1.000 


*******************************************************************************
Thu May  2 14:41:07 2019


FIT:    data read from "summing.dat" using ($1):(abs($2-$3)/(.5*(abs($3)+abs($2))))
        format = x:z
        x range restricted to [100.000 : 1000.00]
        #datapoints = 901
        residuals are weighted equally (unit weight)

function used for fitting: f(x)
	f(x) = a*x+b
fitted parameters initialized with current variable values

iter      chisq       delta/lim  lambda   a             b            
   0 1.2928332034e+01   0.00e+00  1.62e+00   -1.223726e-03   2.174110e+00
   1 1.2928332034e+01   0.00e+00  1.62e-01   -1.223726e-03   2.174110e+00

After 1 iterations the fit converged.
final sum of squares of residuals : 12.9283
rel. change during last iteration : 0

degrees of freedom    (FIT_NDF)                        : 899
rms of residuals      (FIT_STDFIT) = sqrt(WSSR/ndf)    : 0.11992
variance of residuals (reduced chisquare) = WSSR/ndf   : 0.0143808

Final set of parameters            Asymptotic Standard Error
=======================            ==========================
a               = -0.00122373      +/- 1.536e-05    (1.255%)
b               = 2.17411          +/- 0.009345     (0.4298%)

correlation matrix of the fit parameters:
                a      b      
a               1.000 
b              -0.904  1.000 


*******************************************************************************
Thu May  2 14:41:19 2019


FIT:    data read from "summing.dat" using ($1):(abs($2-$3)/(.5*(abs($3)+abs($2))))
        format = x:z
        x range restricted to [100.000 : 1000.00]
        #datapoints = 901
        residuals are weighted equally (unit weight)

function used for fitting: f(x)
	f(x) = a*x+b
fitted parameters initialized with current variable values

iter      chisq       delta/lim  lambda   a             b            
   0 3.3315805849e+08   0.00e+00  4.30e+02    1.000000e+00   1.000000e+00
   5 1.2928332034e+01  -1.91e-02  4.30e-03   -1.223726e-03   2.174110e+00

After 5 iterations the fit converged.
final sum of squares of residuals : 12.9283
rel. change during last iteration : -1.90646e-07

degrees of freedom    (FIT_NDF)                        : 899
rms of residuals      (FIT_STDFIT) = sqrt(WSSR/ndf)    : 0.11992
variance of residuals (reduced chisquare) = WSSR/ndf   : 0.0143808

Final set of parameters            Asymptotic Standard Error
=======================            ==========================
a               = -0.00122373      +/- 1.536e-05    (1.255%)
b               = 2.17411          +/- 0.009345     (0.4298%)

correlation matrix of the fit parameters:
                a      b      
a               1.000 
b              -0.904  1.000 


*******************************************************************************
Thu May  2 14:46:46 2019


FIT:    data read from "summing.dat" using ($1):(abs($2-$3)/(.5*(abs($3)+abs($2))))
        format = x:z
        x range restricted to [100.000 : 1000.00]
BREAK: No data to fit

*******************************************************************************
Thu May  2 14:47:24 2019


FIT:    data read from "summing.dat" using ($1):(abs($2-$3)/(.5*(abs($3)+abs($2))))
        format = x:z
        x range restricted to [100.000 : 100000.]
        #datapoints = 3
        residuals are weighted equally (unit weight)

function used for fitting: f(x)
	f(x) = a*x+b
fitted parameters initialized with current variable values

iter      chisq       delta/lim  lambda   a             b            
   0 1.0101086297e+08   0.00e+00  4.10e+03    1.000000e+00   1.000000e+00
   8 3.3848928421e-07  -2.66e-07  4.10e-05   -4.189386e-06   1.999255e+00

After 8 iterations the fit converged.
final sum of squares of residuals : 3.38489e-07
rel. change during last iteration : -2.66301e-12

degrees of freedom    (FIT_NDF)                        : 1
rms of residuals      (FIT_STDFIT) = sqrt(WSSR/ndf)    : 0.000581798
variance of residuals (reduced chisquare) = WSSR/ndf   : 3.38489e-07

Final set of parameters            Asymptotic Standard Error
=======================            ==========================
a               = -4.18939e-06     +/- 7.515e-08    (1.794%)
b               = 1.99926          +/- 0.0004361    (0.02181%)

correlation matrix of the fit parameters:
                a      b      
a               1.000 
b              -0.638  1.000 


*******************************************************************************
Thu May  2 14:48:59 2019


FIT:    data read from "summing.dat" using ($1):(abs($2-$3)/(.5*(abs($3)+abs($2))))
        format = x:z
        x range restricted to [100.000 : 1.00000e+09]
        #datapoints = 7
        residuals are weighted equally (unit weight)

function used for fitting: f(x)
	f(x) = a*x+b
fitted parameters initialized with current variable values

iter      chisq       delta/lim  lambda   a             b            
   0 1.0101010103e+16   0.00e+00  2.69e+07    1.000000e+00   1.000000e+00
   5 5.7743882360e+00  -1.60e-01  2.69e+02    1.091735e-08   1.000001e+00

After 5 iterations the fit converged.
final sum of squares of residuals : 5.77439
rel. change during last iteration : -1.6016e-06

degrees of freedom    (FIT_NDF)                        : 5
rms of residuals      (FIT_STDFIT) = sqrt(WSSR/ndf)    : 1.07465
variance of residuals (reduced chisquare) = WSSR/ndf   : 1.15488

Final set of parameters            Asymptotic Standard Error
=======================            ==========================
a               = 1.09174e-08      +/- 1.177e-08    (107.8%)
b               = 1                +/- 0.4471       (44.71%)

correlation matrix of the fit parameters:
                a      b      
a               1.000 
b              -0.418  1.000 


*******************************************************************************
Thu May  2 14:49:58 2019


FIT:    data read from "summing.dat" using ($1):(abs($2-$3)/(.5*(abs($3)+abs($2))))
        format = x:z
        x range restricted to [100.000 : 1.00000e+09]
        #datapoints = 7
        residuals are weighted equally (unit weight)

function used for fitting: f(x)
	f(x) = a*x+b
fitted parameters initialized with current variable values

iter      chisq       delta/lim  lambda   a             b            
   0 1.0101010103e+16   0.00e+00  2.69e+07    1.000000e+00   1.000000e+00
   5 5.7743882360e+00  -1.60e-01  2.69e+02    1.091735e-08   1.000001e+00

After 5 iterations the fit converged.
final sum of squares of residuals : 5.77439
rel. change during last iteration : -1.6016e-06

degrees of freedom    (FIT_NDF)                        : 5
rms of residuals      (FIT_STDFIT) = sqrt(WSSR/ndf)    : 1.07465
variance of residuals (reduced chisquare) = WSSR/ndf   : 1.15488

Final set of parameters            Asymptotic Standard Error
=======================            ==========================
a               = 1.09174e-08      +/- 1.177e-08    (107.8%)
b               = 1                +/- 0.4471       (44.71%)

correlation matrix of the fit parameters:
                a      b      
a               1.000 
b              -0.418  1.000 


*******************************************************************************
Thu May  2 15:03:36 2019


FIT:    data read from "summing.dat" using ($1):($4)
        format = x:z
        x range restricted to [100.000 : 1000.00]
        #datapoints = 900
        residuals are weighted equally (unit weight)

function used for fitting: f(x)
	f(x) = a*x+b
fitted parameters initialized with current variable values

iter      chisq       delta/lim  lambda   a             b            
   0 3.3215914280e+08   0.00e+00  4.30e+02    1.000000e+00   1.000000e+00
   5 1.2911010193e+01  -1.90e-02  4.30e-03   -1.224700e-03   2.173567e+00

After 5 iterations the fit converged.
final sum of squares of residuals : 12.911
rel. change during last iteration : -1.9011e-07

degrees of freedom    (FIT_NDF)                        : 898
rms of residuals      (FIT_STDFIT) = sqrt(WSSR/ndf)    : 0.119906
variance of residuals (reduced chisquare) = WSSR/ndf   : 0.0143775

Final set of parameters            Asymptotic Standard Error
=======================            ==========================
a               = -0.0012247       +/- 1.538e-05    (1.256%)
b               = 2.17357          +/- 0.009351     (0.4302%)

correlation matrix of the fit parameters:
                a      b      
a               1.000 
b              -0.904  1.000 


*******************************************************************************
Thu May  2 15:05:08 2019


FIT:    data read from "summing.dat" using ($1):($4)
        format = x:z
        x range restricted to [100.000 : 1000.00]
        #datapoints = 900
        residuals are weighted equally (unit weight)

function used for fitting: f(x)
	f(x) = a*x+b
fitted parameters initialized with current variable values

iter      chisq       delta/lim  lambda   a             b            
   0 3.3215914280e+08   0.00e+00  4.30e+02    1.000000e+00   1.000000e+00
   5 1.2911010193e+01  -1.90e-02  4.30e-03   -1.224700e-03   2.173567e+00

After 5 iterations the fit converged.
final sum of squares of residuals : 12.911
rel. change during last iteration : -1.9011e-07

degrees of freedom    (FIT_NDF)                        : 898
rms of residuals      (FIT_STDFIT) = sqrt(WSSR/ndf)    : 0.119906
variance of residuals (reduced chisquare) = WSSR/ndf   : 0.0143775

Final set of parameters            Asymptotic Standard Error
=======================            ==========================
a               = -0.0012247       +/- 1.538e-05    (1.256%)
b               = 2.17357          +/- 0.009351     (0.4302%)

correlation matrix of the fit parameters:
                a      b      
a               1.000 
b              -0.904  1.000 


*******************************************************************************
Thu May  2 15:21:56 2019


FIT:    data read from "summing.dat" using ($1):($4)
        format = x:z
        x range restricted to [100.000 : 1000.00]
        #datapoints = 901
        residuals are weighted equally (unit weight)

function used for fitting: f(x)
	f(x) = a*x+b
fitted parameters initialized with current variable values

iter      chisq       delta/lim  lambda   a             b            
   0 3.3255336857e+08   0.00e+00  4.30e+02    1.000000e+00   1.000000e+00
   6 7.0871569043e-05  -3.17e-07  4.30e-04   -5.254260e-05   1.996541e+00

After 6 iterations the fit converged.
final sum of squares of residuals : 7.08716e-05
rel. change during last iteration : -3.16595e-12

degrees of freedom    (FIT_NDF)                        : 899
rms of residuals      (FIT_STDFIT) = sqrt(WSSR/ndf)    : 0.000280774
variance of residuals (reduced chisquare) = WSSR/ndf   : 7.88338e-08

Final set of parameters            Asymptotic Standard Error
=======================            ==========================
a               = -5.25426e-05     +/- 3.596e-08    (0.06845%)
b               = 1.99654          +/- 2.188e-05    (0.001096%)

correlation matrix of the fit parameters:
                a      b      
a               1.000 
b              -0.904  1.000 


*******************************************************************************
Thu May  2 15:36:48 2019


FIT:    data read from "summing.dat" using ($1):($4)
        format = x:z
        x range restricted to [100.000 : 1000.00]
        #datapoints = 2
        residuals are weighted equally (unit weight)

function used for fitting: f(x)
	f(x) = a*x+b
fitted parameters initialized with current variable values

iter      chisq       delta/lim  lambda   a             b            
   0 1.0122019982e+06   0.00e+00  5.02e+02    1.000000e+00   1.000000e+00
   9 7.0064923216e-46   0.00e+00  5.02e-07    7.866422e-10   1.051810e-07

After 9 iterations the fit converged.
final sum of squares of residuals : 7.00649e-46
abs. change during last iteration : 0


Exactly as many data points as there are parameters.
In this degenerate case, all errors are zero by definition.

Final set of parameters 
======================= 

a               = 7.86642e-10    
b               = 1.05181e-07    


*******************************************************************************
Thu May  2 15:37:17 2019


FIT:    data read from "summing.dat" using ($1):($4)
        format = x:z
        x range restricted to [100.000 : 100000.]
        #datapoints = 4
        residuals are weighted equally (unit weight)

function used for fitting: f(x)
	f(x) = a*x+b
fitted parameters initialized with current variable values

iter      chisq       delta/lim  lambda   a             b            
   0 1.0101232192e+10   0.00e+00  3.55e+04    1.000000e+00   1.000000e+00
   9 1.8325196439e-11  -8.17e-05  3.55e-05    5.880970e-10  -1.411573e-06

After 9 iterations the fit converged.
final sum of squares of residuals : 1.83252e-11
rel. change during last iteration : -8.17045e-10

degrees of freedom    (FIT_NDF)                        : 2
rms of residuals      (FIT_STDFIT) = sqrt(WSSR/ndf)    : 3.02698e-06
variance of residuals (reduced chisquare) = WSSR/ndf   : 9.1626e-12

Final set of parameters            Asymptotic Standard Error
=======================            ==========================
a               = 5.88097e-10      +/- 3.614e-11    (6.145%)
b               = -1.41157e-06     +/- 1.816e-06    (128.7%)

correlation matrix of the fit parameters:
                a      b      
a               1.000 
b              -0.553  1.000 


*******************************************************************************
Thu May  2 15:39:26 2019


FIT:    data read from "summing.dat" using ($1):($4)
        format = x:z
        x range restricted to [10.0000 : 100000.]
        #datapoints = 4
        residuals are weighted equally (unit weight)

function used for fitting: f(x)
	f(x) = a*x+b
fitted parameters initialized with current variable values

iter      chisq       delta/lim  lambda   a             b            
   0 1.0101232192e+10   0.00e+00  3.55e+04    1.000000e+00   1.000000e+00
   9 1.8325196439e-11  -8.17e-05  3.55e-05    5.880970e-10  -1.411573e-06

After 9 iterations the fit converged.
final sum of squares of residuals : 1.83252e-11
rel. change during last iteration : -8.17045e-10

degrees of freedom    (FIT_NDF)                        : 2
rms of residuals      (FIT_STDFIT) = sqrt(WSSR/ndf)    : 3.02698e-06
variance of residuals (reduced chisquare) = WSSR/ndf   : 9.1626e-12

Final set of parameters            Asymptotic Standard Error
=======================            ==========================
a               = 5.88097e-10      +/- 3.614e-11    (6.145%)
b               = -1.41157e-06     +/- 1.816e-06    (128.7%)

correlation matrix of the fit parameters:
                a      b      
a               1.000 
b              -0.553  1.000 


*******************************************************************************
Thu May  2 15:41:20 2019


FIT:    data read from "summing.dat" using ($1):($4)
        format = x:z
        x range restricted to [10.0000 : 100000.]
        #datapoints = 4
        residuals are weighted equally (unit weight)

function used for fitting: f(x)
	f(x) = a*x+b
fitted parameters initialized with current variable values

iter      chisq       delta/lim  lambda   a             b            
   0 1.0101232192e+10   0.00e+00  3.55e+04    1.000000e+00   1.000000e+00
   9 1.8325196439e-11  -8.17e-05  3.55e-05    5.880970e-10  -1.411573e-06

After 9 iterations the fit converged.
final sum of squares of residuals : 1.83252e-11
rel. change during last iteration : -8.17045e-10

degrees of freedom    (FIT_NDF)                        : 2
rms of residuals      (FIT_STDFIT) = sqrt(WSSR/ndf)    : 3.02698e-06
variance of residuals (reduced chisquare) = WSSR/ndf   : 9.1626e-12

Final set of parameters            Asymptotic Standard Error
=======================            ==========================
a               = 5.88097e-10      +/- 3.614e-11    (6.145%)
b               = -1.41157e-06     +/- 1.816e-06    (128.7%)

correlation matrix of the fit parameters:
                a      b      
a               1.000 
b              -0.553  1.000 


*******************************************************************************
Thu May  2 15:42:23 2019


FIT:    data read from "summing.dat" using ($1):($4)
        format = x:z
        x range restricted to [10000.0 : 1.00000e+08]
        #datapoints = 5
        residuals are weighted equally (unit weight)

function used for fitting: f(x)
	f(x) = a*x+b
fitted parameters initialized with current variable values

iter      chisq       delta/lim  lambda   a             b            
   0 1.0101010281e+16   0.00e+00  3.18e+07    1.000000e+00   1.000000e+00
   5 3.6739281084e+00  -7.47e-02  3.18e+02   -8.950314e-09   9.999996e-01

After 5 iterations the fit converged.
final sum of squares of residuals : 3.67393
rel. change during last iteration : -7.47434e-07

degrees of freedom    (FIT_NDF)                        : 3
rms of residuals      (FIT_STDFIT) = sqrt(WSSR/ndf)    : 1.10664
variance of residuals (reduced chisquare) = WSSR/ndf   : 1.22464

Final set of parameters            Asymptotic Standard Error
=======================            ==========================
a               = -8.95031e-09     +/- 1.267e-08    (141.5%)
b               = 1                +/- 0.5694       (56.94%)

correlation matrix of the fit parameters:
                a      b      
a               1.000 
b              -0.494  1.000 


*******************************************************************************
Thu May  2 15:43:08 2019


FIT:    data read from "summing.dat" using ($1):($4)
        format = x:z
        x range restricted to [1000.00 : 1.00000e+07]
        #datapoints = 5
        residuals are weighted equally (unit weight)

function used for fitting: f(x)
	f(x) = a*x+b
fitted parameters initialized with current variable values

iter      chisq       delta/lim  lambda   a             b            
   0 1.0101012162e+14   0.00e+00  3.18e+06    1.000000e+00   1.000000e+00
  10 2.2159593120e-05  -4.36e-01  3.18e-04    8.104061e-09  -1.521357e-03

After 10 iterations the fit converged.
final sum of squares of residuals : 2.21596e-05
rel. change during last iteration : -4.35611e-06

degrees of freedom    (FIT_NDF)                        : 3
rms of residuals      (FIT_STDFIT) = sqrt(WSSR/ndf)    : 0.00271782
variance of residuals (reduced chisquare) = WSSR/ndf   : 7.38653e-06

Final set of parameters            Asymptotic Standard Error
=======================            ==========================
a               = 8.10406e-09      +/- 3.111e-10    (3.839%)
b               = -0.00152136      +/- 0.001398     (91.91%)

correlation matrix of the fit parameters:
                a      b      
a               1.000 
b              -0.494  1.000 


*******************************************************************************
Thu May  2 15:43:39 2019


FIT:    data read from "summing.dat" using ($1):($4)
        format = x:z
        x range restricted to [100.000 : 1.00000e+07]
        #datapoints = 6
        residuals are weighted equally (unit weight)

function used for fitting: f(x)
	f(x) = a*x+b
fitted parameters initialized with current variable values

iter      chisq       delta/lim  lambda   a             b            
   0 1.0101012163e+14   0.00e+00  2.90e+06    1.000000e+00   1.000000e+00
   4 4.7893005748e+00  -7.14e-01  2.90e+02   -1.020631e-07   9.999993e-01

After 4 iterations the fit converged.
final sum of squares of residuals : 4.7893
rel. change during last iteration : -7.14348e-06

degrees of freedom    (FIT_NDF)                        : 4
rms of residuals      (FIT_STDFIT) = sqrt(WSSR/ndf)    : 1.09422
variance of residuals (reduced chisquare) = WSSR/ndf   : 1.19733

Final set of parameters            Asymptotic Standard Error
=======================            ==========================
a               = -1.02063e-07     +/- 1.22e-07     (119.5%)
b               = 0.999999         +/- 0.5006       (50.06%)

correlation matrix of the fit parameters:
                a      b      
a               1.000 
b              -0.451  1.000 


*******************************************************************************
Thu May  2 15:44:22 2019


FIT:    data read from "summing.dat" using ($1):($4)
        format = x:z
        x range restricted to [100.000 : 100000.]
        #datapoints = 4
        residuals are weighted equally (unit weight)

function used for fitting: f(x)
	f(x) = a*x+b
fitted parameters initialized with current variable values

iter      chisq       delta/lim  lambda   a             b            
   0 1.0101232192e+10   0.00e+00  3.55e+04    1.000000e+00   1.000000e+00
   9 1.8325196439e-11  -8.17e-05  3.55e-05    5.880970e-10  -1.411573e-06

After 9 iterations the fit converged.
final sum of squares of residuals : 1.83252e-11
rel. change during last iteration : -8.17045e-10

degrees of freedom    (FIT_NDF)                        : 2
rms of residuals      (FIT_STDFIT) = sqrt(WSSR/ndf)    : 3.02698e-06
variance of residuals (reduced chisquare) = WSSR/ndf   : 9.1626e-12

Final set of parameters            Asymptotic Standard Error
=======================            ==========================
a               = 5.88097e-10      +/- 3.614e-11    (6.145%)
b               = -1.41157e-06     +/- 1.816e-06    (128.7%)

correlation matrix of the fit parameters:
                a      b      
a               1.000 
b              -0.553  1.000 


*******************************************************************************
Thu May  2 15:45:13 2019


FIT:    data read from "summing.dat" using ($1):($4)
        format = x:z
        x range restricted to [1000.00 : 100000.]
        #datapoints = 3
        residuals are weighted equally (unit weight)

function used for fitting: f(x)
	f(x) = a*x+b
fitted parameters initialized with current variable values

iter      chisq       delta/lim  lambda   a             b            
   0 1.0101221991e+10   0.00e+00  4.10e+04    1.000000e+00   1.000000e+00
   9 1.4640608402e-11  -5.91e-03  4.10e-05    5.975566e-10  -2.273781e-06

After 9 iterations the fit converged.
final sum of squares of residuals : 1.46406e-11
rel. change during last iteration : -5.91279e-08

degrees of freedom    (FIT_NDF)                        : 1
rms of residuals      (FIT_STDFIT) = sqrt(WSSR/ndf)    : 3.8263e-06
variance of residuals (reduced chisquare) = WSSR/ndf   : 1.46406e-11

Final set of parameters            Asymptotic Standard Error
=======================            ==========================
a               = 5.97557e-10      +/- 4.942e-11    (8.271%)
b               = -2.27378e-06     +/- 2.868e-06    (126.1%)

correlation matrix of the fit parameters:
                a      b      
a               1.000 
b              -0.638  1.000 


*******************************************************************************
Thu May  2 15:45:48 2019


FIT:    data read from "summing.dat" using ($1):($4)
        format = x:z
        x range restricted to [10000.0 : 100000.]
        #datapoints = 2
        residuals are weighted equally (unit weight)

function used for fitting: f(x)
	f(x) = a*x+b
fitted parameters initialized with current variable values

iter      chisq       delta/lim  lambda   a             b            
   0 1.0100219990e+10   0.00e+00  5.02e+04    1.000000e+00   1.000000e+00
  11 4.6018641568e-41   0.00e+00  5.02e+04    6.317972e-10  -5.441040e-06

After 11 iterations the fit converged.
final sum of squares of residuals : 4.60186e-41
abs. change during last iteration : 0


Exactly as many data points as there are parameters.
In this degenerate case, all errors are zero by definition.

Final set of parameters 
======================= 

a               = 6.31797e-10    
b               = -5.44104e-06   


*******************************************************************************
Thu May  2 15:46:31 2019


FIT:    data read from "summing.dat" using ($1):($4)
        format = x:z
        x range restricted to [10000.0 : 1.00000e+06]
        #datapoints = 3
        residuals are weighted equally (unit weight)

function used for fitting: f(x)
	f(x) = a*x+b
fitted parameters initialized with current variable values

iter      chisq       delta/lim  lambda   a             b            
   0 1.0101022151e+12   0.00e+00  4.10e+05    1.000000e+00   1.000000e+00
  10 1.5066157780e-08  -5.75e-06  4.10e-05    2.554010e-09  -1.070437e-04

After 10 iterations the fit converged.
final sum of squares of residuals : 1.50662e-08
rel. change during last iteration : -5.74712e-11

degrees of freedom    (FIT_NDF)                        : 1
rms of residuals      (FIT_STDFIT) = sqrt(WSSR/ndf)    : 0.000122744
variance of residuals (reduced chisquare) = WSSR/ndf   : 1.50662e-08

Final set of parameters            Asymptotic Standard Error
=======================            ==========================
a               = 2.55401e-09      +/- 1.585e-10    (6.208%)
b               = -0.000107044     +/- 9.2e-05      (85.94%)

correlation matrix of the fit parameters:
                a      b      
a               1.000 
b              -0.638  1.000 


*******************************************************************************
Thu May  2 15:47:19 2019


FIT:    data read from "summing.dat" using ($1):($4)
        format = x:z
        x range restricted to [1000.00 : 1.00000e+06]
        #datapoints = 4
        residuals are weighted equally (unit weight)

function used for fitting: f(x)
	f(x) = a*x+b
fitted parameters initialized with current variable values

iter      chisq       delta/lim  lambda   a             b            
   0 1.0101032171e+12   0.00e+00  3.55e+05    1.000000e+00   1.000000e+00
  10 2.2182660899e-08  -6.75e-08  3.55e-05    2.512437e-09  -6.915144e-05

After 10 iterations the fit converged.
final sum of squares of residuals : 2.21827e-08
rel. change during last iteration : -6.75089e-13

degrees of freedom    (FIT_NDF)                        : 2
rms of residuals      (FIT_STDFIT) = sqrt(WSSR/ndf)    : 0.000105315
variance of residuals (reduced chisquare) = WSSR/ndf   : 1.10913e-08

Final set of parameters            Asymptotic Standard Error
=======================            ==========================
a               = 2.51244e-09      +/- 1.257e-10    (5.005%)
b               = -6.91514e-05     +/- 6.319e-05    (91.37%)

correlation matrix of the fit parameters:
                a      b      
a               1.000 
b              -0.553  1.000 


*******************************************************************************
Thu May  2 15:51:11 2019


FIT:    data read from "summing.dat" using ($1):($4)
        format = x:z
        x range restricted to [1000.00 : 1.00000e+06]
        #datapoints = 4
        residuals are weighted equally (unit weight)

function used for fitting: f(x)
	f(x) = a*x+b
fitted parameters initialized with current variable values

iter      chisq       delta/lim  lambda   a             b            
   0 1.0101032171e+12   0.00e+00  3.55e+05    1.000000e+00   1.000000e+00
  10 2.2182660899e-08  -6.75e-08  3.55e-05    2.512437e-09  -6.915144e-05

After 10 iterations the fit converged.
final sum of squares of residuals : 2.21827e-08
rel. change during last iteration : -6.75089e-13

degrees of freedom    (FIT_NDF)                        : 2
rms of residuals      (FIT_STDFIT) = sqrt(WSSR/ndf)    : 0.000105315
variance of residuals (reduced chisquare) = WSSR/ndf   : 1.10913e-08

Final set of parameters            Asymptotic Standard Error
=======================            ==========================
a               = 2.51244e-09      +/- 1.257e-10    (5.005%)
b               = -6.91514e-05     +/- 6.319e-05    (91.37%)

correlation matrix of the fit parameters:
                a      b      
a               1.000 
b              -0.553  1.000 


*******************************************************************************
Thu May  2 16:04:10 2019


FIT:    data read from "summing.dat" using ($1):($4)
        format = x:z
        x range restricted to [1000.00 : 1.00000e+06]
        #datapoints = 4
        residuals are weighted equally (unit weight)

function used for fitting: f(x)
	f(x) = a*x+b
fitted parameters initialized with current variable values

iter      chisq       delta/lim  lambda   a             b            
   0 1.0101032171e+12   0.00e+00  3.55e+05    1.000000e+00   1.000000e+00
  10 2.2182660899e-08  -6.75e-08  3.55e-05    2.512437e-09  -6.915144e-05

After 10 iterations the fit converged.
final sum of squares of residuals : 2.21827e-08
rel. change during last iteration : -6.75089e-13

degrees of freedom    (FIT_NDF)                        : 2
rms of residuals      (FIT_STDFIT) = sqrt(WSSR/ndf)    : 0.000105315
variance of residuals (reduced chisquare) = WSSR/ndf   : 1.10913e-08

Final set of parameters            Asymptotic Standard Error
=======================            ==========================
a               = 2.51244e-09      +/- 1.257e-10    (5.005%)
b               = -6.91514e-05     +/- 6.319e-05    (91.37%)

correlation matrix of the fit parameters:
                a      b      
a               1.000 
b              -0.553  1.000 
